SF:lib\Validations.dart
DA:6,2
DA:7,2
DA:10,2
DA:11,2
DA:12,0
DA:17,1
DA:18,1
DA:21,1
DA:22,2
DA:29,0
DA:30,0
DA:33,0
DA:34,0
DA:35,0
DA:45,1
DA:46,1
DA:49,1
DA:53,1
DA:54,1
DA:63,1
DA:64,1
DA:68,2
DA:76,1
DA:77,1
DA:80,1
DA:84,1
DA:85,1
DA:93,1
DA:94,1
DA:97,1
DA:100,1
DA:101,1
DA:108,1
DA:109,1
DA:112,1
DA:122,1
DA:123,1
DA:126,1
DA:130,1
DA:131,1
DA:138,0
DA:139,0
DA:142,0
LF:43
LH:34
end_of_record
SF:lib\RegisterUsers\ApiServices_Users.dart
DA:7,2
DA:8,4
DA:9,0
DA:10,0
DA:12,0
DA:16,0
DA:17,0
DA:18,0
DA:19,0
DA:22,0
DA:25,0
DA:26,0
LF:12
LH:2
end_of_record
